\BOOKMARK [1][-]{section.1}{\376\377\000I\000n\000t\000r\000o\000d\000u\000z\000i\000o\000n\000e}{}% 1
\BOOKMARK [2][-]{subsection.1.1}{\376\377\000C\000o\000s\000'\000\350\000\040\000l\000'\000e\000c\000o\000n\000o\000m\000i\000a\000?}{section.1}% 2
\BOOKMARK [2][-]{subsection.1.2}{\376\377\000L\000i\000m\000i\000t\000i\000\040\000d\000e\000l\000\040\000m\000o\000d\000e\000l\000l\000o\000\040\000t\000r\000a\000d\000i\000z\000i\000o\000n\000a\000l\000e}{section.1}% 3
\BOOKMARK [2][-]{subsection.1.3}{\376\377\000L\000'\000i\000m\000p\000o\000r\000t\000a\000n\000z\000a\000\040\000d\000e\000l\000l\000e\000\040\000i\000n\000t\000e\000n\000z\000i\000o\000n\000i}{section.1}% 4
\BOOKMARK [2][-]{subsection.1.4}{\376\377\000L\000'\000a\000p\000p\000r\000o\000c\000c\000i\000o\000\040\000u\000t\000i\000l\000i\000t\000a\000r\000i\000s\000t\000a\000\040\000e\000\040\000i\000\040\000s\000u\000o\000i\000\040\000l\000i\000m\000i\000t\000i}{section.1}% 5
\BOOKMARK [2][-]{subsection.1.5}{\376\377\000E\000c\000o\000n\000o\000m\000i\000a\000\040\000c\000o\000m\000e\000\040\000s\000i\000s\000t\000e\000m\000a\000\040\000c\000o\000m\000p\000l\000e\000s\000s\000o}{section.1}% 6
\BOOKMARK [3][-]{subsubsection.1.5.1}{\376\377\000I\000l\000\040\000s\000i\000s\000t\000e\000m\000a\000\040\000c\000o\000m\000p\000l\000i\000c\000a\000t\000o}{subsection.1.5}% 7
\BOOKMARK [3][-]{subsubsection.1.5.2}{\376\377\000I\000l\000\040\000s\000i\000s\000t\000e\000m\000a\000\040\000c\000o\000m\000p\000l\000e\000s\000s\000o}{subsection.1.5}% 8
\BOOKMARK [2][-]{subsection.1.6}{\376\377\000C\000o\000s\000'\000\350\000\040\000u\000n\000'\000i\000m\000p\000r\000e\000s\000a\000?}{section.1}% 9
\BOOKMARK [3][-]{subsubsection.1.6.1}{\376\377\000I\000l\000\040\000f\000i\000n\000a\000n\000z\000i\000a\000m\000e\000n\000t\000o\000\040\000e\000\040\000l\000e\000\040\000f\000o\000n\000t\000i\000\040\000d\000i\000\040\000c\000a\000p\000i\000t\000a\000l\000e}{subsection.1.6}% 10
\BOOKMARK [3][-]{subsubsection.1.6.2}{\376\377\000R\000e\000m\000u\000n\000e\000r\000a\000z\000i\000o\000n\000e\000\040\000d\000e\000l\000\040\000c\000a\000p\000i\000t\000a\000l\000e}{subsection.1.6}% 11
\BOOKMARK [2][-]{subsection.1.7}{\376\377\000I\000l\000\040\000c\000i\000c\000l\000o\000\040\000d\000e\000l\000l\000a\000\040\000g\000e\000s\000t\000i\000o\000n\000e\000\040\000e\000\040\000l\000a\000\040\000c\000r\000e\000a\000z\000i\000o\000n\000e\000\040\000d\000i\000\040\000v\000a\000l\000o\000r\000e}{section.1}% 12
\BOOKMARK [3][-]{subsubsection.1.7.1}{\376\377\000L\000a\000\040\000g\000e\000s\000t\000i\000o\000n\000e\000\040\000c\000o\000m\000e\000\040\000s\000i\000s\000t\000e\000m\000a\000\040\000d\000i\000n\000a\000m\000i\000c\000o}{subsection.1.7}% 13
\BOOKMARK [3][-]{subsubsection.1.7.2}{\376\377\000I\000l\000\040\000t\000e\000m\000p\000o\000\040\000e\000\040\000i\000l\000\040\000b\000i\000l\000a\000n\000c\000i\000o}{subsection.1.7}% 14
\BOOKMARK [2][-]{subsection.1.8}{\376\377\000I\000l\000\040\000r\000u\000o\000l\000o\000\040\000d\000e\000l\000\040\000M\000a\000n\000a\000g\000e\000m\000e\000n\000t\000:\000\040\000A\000r\000t\000e\000\040\000e\000\040\000S\000c\000i\000e\000n\000z\000a}{section.1}% 15
\BOOKMARK [3][-]{subsubsection.1.8.1}{\376\377\000E\000f\000f\000i\000c\000i\000e\000n\000z\000a\000\040\000v\000s\000\040\000E\000f\000f\000i\000c\000a\000c\000i\000a}{subsection.1.8}% 16
\BOOKMARK [3][-]{subsubsection.1.8.2}{\376\377\000I\000\040\000q\000u\000a\000t\000t\000r\000o\000\040\000p\000i\000l\000a\000s\000t\000r\000i\000\040\000d\000e\000l\000\040\000l\000a\000v\000o\000r\000o\000\040\000m\000a\000n\000a\000g\000e\000r\000i\000a\000l\000e}{subsection.1.8}% 17
\BOOKMARK [2][-]{subsection.1.9}{\376\377\000S\000t\000a\000k\000e\000h\000o\000l\000d\000e\000r\000\040\000e\000\040\000S\000h\000a\000r\000e\000h\000o\000l\000d\000e\000r}{section.1}% 18
\BOOKMARK [2][-]{subsection.1.10}{\376\377\000I\000m\000p\000r\000e\000n\000d\000i\000t\000o\000r\000e\000\040\000v\000s\000.\000\040\000M\000a\000n\000a\000g\000e\000r}{section.1}% 19
\BOOKMARK [3][-]{subsubsection.1.10.1}{\376\377\000L\000'\000a\000s\000p\000e\000t\000t\000o\000\040\000p\000s\000i\000c\000o\000l\000o\000g\000i\000c\000o\000\040\000e\000\040\000t\000e\000m\000p\000o\000r\000a\000l\000e}{subsection.1.10}% 20
\BOOKMARK [1][-]{section.2}{\376\377\000I\000l\000\040\000c\000a\000s\000o\000\040\000O\000l\000i\000v\000e\000t\000t\000i}{}% 21
\BOOKMARK [2][-]{subsection.2.1}{\376\377\000C\000a\000s\000o\000\040\000d\000i\000\040\000S\000t\000u\000d\000i\000o\000:\000\040\000I\000l\000\040\000G\000r\000u\000p\000p\000o\000\040\000O\000l\000i\000v\000e\000t\000t\000i}{section.2}% 22
\BOOKMARK [3][-]{subsubsection.2.1.1}{\376\377\000D\000a\000l\000l\000a\000\040\000m\000e\000c\000c\000a\000n\000i\000c\000a\000\040\000a\000l\000l\000'\000e\000l\000e\000t\000t\000r\000o\000n\000i\000c\000a}{subsection.2.1}% 23
\BOOKMARK [3][-]{subsubsection.2.1.2}{\376\377\000L\000a\000\040\000c\000r\000i\000s\000i\000\040\000e\000\040\000i\000l\000\040\000"\000G\000r\000u\000p\000p\000o\000\040\000d\000i\000\040\000I\000n\000t\000e\000r\000v\000e\000n\000t\000o\000"}{subsection.2.1}% 24
\BOOKMARK [3][-]{subsubsection.2.1.3}{\376\377\000V\000i\000s\000i\000o\000n\000e\000\040\000v\000s\000.\000\040\000R\000i\000s\000u\000l\000t\000a\000t\000o\000\040\000i\000m\000m\000e\000d\000i\000a\000t\000o}{subsection.2.1}% 25
\BOOKMARK [2][-]{subsection.2.2}{\376\377\000I\000l\000\040\000c\000o\000n\000f\000l\000i\000t\000t\000o\000\040\000n\000e\000l\000\040\000B\000o\000a\000r\000d\000\040\000\050\0001\0009\0006\0004\000\051\000:\000\040\000L\000o\000\040\000s\000c\000o\000n\000t\000r\000o\000\040\000d\000e\000i\000\040\000T\000r\000a\000d\000e\000-\000o\000f\000f}{section.2}% 26
\BOOKMARK [3][-]{subsubsection.2.2.1}{\376\377\000L\000e\000\040\000d\000u\000e\000\040\000p\000o\000s\000i\000z\000i\000o\000n\000i\000\040\000a\000\040\000c\000o\000n\000f\000r\000o\000n\000t\000o}{subsection.2.2}% 27
\BOOKMARK [3][-]{subsubsection.2.2.2}{\376\377\000A\000n\000a\000l\000i\000s\000i\000\040\000d\000e\000l\000\040\000t\000r\000a\000d\000e\000-\000o\000f\000f}{subsection.2.2}% 28
\BOOKMARK [1][-]{section.3}{\376\377\000C\000a\000s\000o\000\040\000F\000e\000r\000r\000a\000r\000i}{}% 29
\BOOKMARK [1][-]{section.4}{\376\377\000E\000l\000e\000m\000e\000n\000t\000i\000\040\000d\000i\000\040\000d\000i\000s\000t\000u\000r\000b\000o\000\040\000d\000e\000l\000\040\000t\000r\000a\000d\000e\000-\000o\000f\000f}{}% 30
\BOOKMARK [1][-]{section.5}{\376\377\000C\000a\000s\000o\000\040\000N\000o\000k\000i\000a}{}% 31
\BOOKMARK [2][-]{subsection.5.1}{\376\377\000B\000i\000a\000s\000\040\000c\000o\000g\000n\000i\000t\000i\000v\000i}{section.5}% 32
\BOOKMARK [3][-]{subsubsection.5.1.1}{\376\377\000R\000a\000z\000i\000o\000n\000a\000l\000i\000t\000\340\000\040\000l\000i\000m\000i\000t\000a\000t\000a\000\040\000\050\000H\000e\000r\000b\000e\000r\000t\000\040\000S\000i\000m\000o\000n\000\051}{subsection.5.1}% 33
\BOOKMARK [3][-]{subsubsection.5.1.2}{\376\377\000O\000p\000p\000o\000r\000t\000u\000n\000i\000t\000y\000\040\000c\000o\000s\000t\000\040\000n\000e\000g\000l\000e\000c\000t\000\040\000\050\000F\000r\000e\000d\000e\000r\000i\000c\000k\000\040\000e\000t\000\040\000a\000l\000.\000,\000\040\0002\0000\0000\0009\000\051}{subsection.5.1}% 34
\BOOKMARK [3][-]{subsubsection.5.1.3}{\376\377\000C\000o\000n\000t\000a\000b\000i\000l\000i\000t\000\340\000\040\000m\000e\000n\000t\000a\000l\000e\000\040\000\050\000R\000i\000c\000h\000a\000r\000d\000\040\000T\000h\000a\000l\000e\000r\000,\000\040\0001\0009\0008\0005\000\051}{subsection.5.1}% 35
\BOOKMARK [3][-]{subsubsection.5.1.4}{\376\377\000A\000v\000v\000e\000r\000s\000i\000o\000n\000e\000\040\000a\000l\000l\000e\000\040\000p\000e\000r\000d\000i\000t\000e\000\040\000e\000\040\000t\000e\000o\000r\000i\000a\000\040\000d\000e\000l\000\040\000p\000r\000o\000s\000p\000e\000t\000t\000o}{subsection.5.1}% 36
\BOOKMARK [3][-]{subsubsection.5.1.5}{\376\377\000F\000r\000a\000m\000i\000n\000g\000\040\000e\000f\000f\000e\000c\000t}{subsection.5.1}% 37
\BOOKMARK [3][-]{subsubsection.5.1.6}{\376\377\000T\000r\000o\000p\000p\000e\000\040\000a\000l\000t\000e\000r\000n\000a\000t\000i\000v\000e\000\040\000e\000\040\000p\000a\000r\000a\000l\000i\000s\000i\000\040\000d\000e\000c\000i\000s\000i\000o\000n\000a\000l\000e}{subsection.5.1}% 38
\BOOKMARK [1][-]{section.6}{\376\377\000L\000e\000\040\000f\000o\000r\000m\000e\000\040\000g\000i\000u\000r\000i\000d\000i\000c\000h\000e\000\040\000d\000e\000l\000l\000e\000\040\000i\000m\000p\000r\000e\000s\000e}{}% 39
\BOOKMARK [2][-]{subsection.6.1}{\376\377\000I\000n\000t\000r\000o\000d\000u\000z\000i\000o\000n\000e\000:\000\040\000l\000a\000\040\000s\000c\000e\000l\000t\000a\000\040\000s\000t\000r\000a\000t\000e\000g\000i\000c\000a\000\040\000d\000e\000l\000l\000a\000\040\000f\000o\000r\000m\000a\000\040\000g\000i\000u\000r\000i\000d\000i\000c\000a}{section.6}% 40
\BOOKMARK [3][-]{subsubsection.6.1.1}{\376\377\000I\000l\000\040\000c\000a\000s\000o\000\040\000C\000o\000d\000i\000c\000e\000S\000e\000m\000p\000l\000i\000c\000e\000:\000\040\000d\000a\000\040\000f\000r\000e\000e\000l\000a\000n\000c\000e\000\040\000a\000\040\000i\000m\000p\000r\000e\000n\000d\000i\000t\000o\000r\000e}{subsection.6.1}% 41
\BOOKMARK [2][-]{subsection.6.2}{\376\377\000C\000o\000n\000c\000e\000t\000t\000i\000\040\000f\000o\000n\000d\000a\000m\000e\000n\000t\000a\000l\000i}{section.6}% 42
\BOOKMARK [2][-]{subsection.6.3}{\376\377\000L\000'\000i\000m\000p\000r\000e\000s\000a\000\040\000i\000n\000d\000i\000v\000i\000d\000u\000a\000l\000e}{section.6}% 43
\BOOKMARK [3][-]{subsubsection.6.3.1}{\376\377\000C\000a\000r\000a\000t\000t\000e\000r\000i\000s\000t\000i\000c\000h\000e}{subsection.6.3}% 44
\BOOKMARK [3][-]{subsubsection.6.3.2}{\376\377\000I\000l\000\040\000g\000r\000a\000n\000d\000e\000\040\000r\000i\000s\000c\000h\000i\000o\000:\000\040\000r\000e\000s\000p\000o\000n\000s\000a\000b\000i\000l\000i\000t\000\340\000\040\000i\000l\000l\000i\000m\000i\000t\000a\000t\000a}{subsection.6.3}% 45
\BOOKMARK [3][-]{subsubsection.6.3.3}{\376\377\000I\000\040\000s\000e\000i\000\040\000l\000i\000m\000i\000t\000i\000\040\000a\000l\000l\000a\000\040\000c\000r\000e\000s\000c\000i\000t\000a}{subsection.6.3}% 46
\BOOKMARK [2][-]{subsection.6.4}{\376\377\000S\000o\000c\000i\000e\000t\000\340\000\040\000d\000i\000\040\000p\000e\000r\000s\000o\000n\000e}{section.6}% 47
\BOOKMARK [3][-]{subsubsection.6.4.1}{\376\377\000C\000a\000r\000a\000t\000t\000e\000r\000i\000s\000t\000i\000c\000h\000e\000\040\000c\000o\000m\000u\000n\000i}{subsection.6.4}% 48
\BOOKMARK [3][-]{subsubsection.6.4.2}{\376\377\000S\000o\000c\000i\000e\000t\000\340\000\040\000i\000n\000\040\000N\000o\000m\000e\000\040\000C\000o\000l\000l\000e\000t\000t\000i\000v\000o\000\040\000\050\000S\000N\000C\000\051}{subsection.6.4}% 49
\BOOKMARK [3][-]{subsubsection.6.4.3}{\376\377\000S\000o\000c\000i\000e\000t\000\340\000\040\000i\000n\000\040\000A\000c\000c\000o\000m\000a\000n\000d\000i\000t\000a\000\040\000S\000e\000m\000p\000l\000i\000c\000e\000\040\000\050\000S\000A\000S\000\051}{subsection.6.4}% 50
\BOOKMARK [2][-]{subsection.6.5}{\376\377\000S\000o\000c\000i\000e\000t\000\340\000\040\000d\000i\000\040\000c\000a\000p\000i\000t\000a\000l\000i}{section.6}% 51
\BOOKMARK [3][-]{subsubsection.6.5.1}{\376\377\000C\000a\000r\000a\000t\000t\000e\000r\000i\000s\000t\000i\000c\000h\000e\000\040\000c\000o\000m\000u\000n\000i}{subsection.6.5}% 52
\BOOKMARK [3][-]{subsubsection.6.5.2}{\376\377\000S\000o\000c\000i\000e\000t\000\340\000\040\000a\000\040\000R\000e\000s\000p\000o\000n\000s\000a\000b\000i\000l\000i\000t\000\340\000\040\000L\000i\000m\000i\000t\000a\000t\000a\000\040\000\050\000S\000R\000L\000\051}{subsection.6.5}% 53
\BOOKMARK [3][-]{subsubsection.6.5.3}{\376\377\000S\000o\000c\000i\000e\000t\000\340\000\040\000p\000e\000r\000\040\000A\000z\000i\000o\000n\000i\000\040\000\050\000S\000P\000A\000\051}{subsection.6.5}% 54
\BOOKMARK [3][-]{subsubsection.6.5.4}{\376\377\000S\000o\000c\000i\000e\000t\000\340\000\040\000i\000n\000\040\000A\000c\000c\000o\000m\000a\000n\000d\000i\000t\000a\000\040\000p\000e\000r\000\040\000A\000z\000i\000o\000n\000i\000\040\000\050\000S\000A\000P\000A\000\051}{subsection.6.5}% 55
\BOOKMARK [2][-]{subsection.6.6}{\376\377\000S\000t\000a\000r\000t\000u\000p\000\040\000i\000n\000n\000o\000v\000a\000t\000i\000v\000e}{section.6}% 56
\BOOKMARK [3][-]{subsubsection.6.6.1}{\376\377\000R\000e\000q\000u\000i\000s\000i\000t\000i\000\040\000p\000r\000i\000n\000c\000i\000p\000a\000l\000i}{subsection.6.6}% 57
\BOOKMARK [3][-]{subsubsection.6.6.2}{\376\377\000V\000a\000n\000t\000a\000g\000g\000i\000\040\000c\000o\000n\000c\000r\000e\000t\000i}{subsection.6.6}% 58
\BOOKMARK [3][-]{subsubsection.6.6.3}{\376\377\000E\000s\000e\000m\000p\000i\000\040\000d\000i\000\040\000s\000t\000a\000r\000t\000u\000p\000\040\000i\000n\000n\000o\000v\000a\000t\000i\000v\000e\000\040\000i\000t\000a\000l\000i\000a\000n\000e\000\040\000d\000i\000\040\000s\000u\000c\000c\000e\000s\000s\000o}{subsection.6.6}% 59
\BOOKMARK [2][-]{subsection.6.7}{\376\377\000O\000p\000e\000r\000a\000z\000i\000o\000n\000i\000\040\000d\000i\000\040\000N\000a\000t\000u\000r\000a\000\040\000S\000t\000r\000a\000o\000r\000d\000i\000n\000a\000r\000i\000a}{section.6}% 60
\BOOKMARK [3][-]{subsubsection.6.7.1}{\376\377\000M\000a\000t\000r\000i\000c\000e\000\040\000d\000e\000l\000l\000e\000\040\000C\000e\000s\000s\000a\000z\000i\000o\000n\000i}{subsection.6.7}% 61
\BOOKMARK [3][-]{subsubsection.6.7.2}{\376\377\000T\000r\000a\000s\000f\000o\000r\000m\000a\000z\000i\000o\000n\000e\000,\000\040\000C\000e\000s\000s\000i\000o\000n\000e\000\040\000e\000\040\000F\000u\000s\000i\000o\000n\000e}{subsection.6.7}% 62
\BOOKMARK [3][-]{subsubsection.6.7.3}{\376\377\000S\000c\000o\000r\000p\000o\000r\000a\000z\000i\000o\000n\000e\000\040\000e\000\040\000S\000c\000i\000s\000s\000i\000o\000n\000e\000\040\000\050\000S\000p\000i\000n\000-\000o\000f\000f\000,\000\040\000S\000p\000l\000i\000t\000-\000o\000f\000f\000,\000\040\000S\000p\000l\000i\000t\000-\000u\000p\000\051}{subsection.6.7}% 63
\BOOKMARK [2][-]{subsection.6.8}{\376\377\000V\000e\000n\000t\000u\000r\000e\000\040\000C\000a\000p\000i\000t\000a\000l\000\040\000e\000\040\000r\000o\000u\000n\000d\000\040\000d\000i\000\040\000f\000i\000n\000a\000n\000z\000i\000a\000m\000e\000n\000t\000o}{section.6}% 64
\BOOKMARK [3][-]{subsubsection.6.8.1}{\376\377\000I\000l\000\040\000m\000e\000c\000c\000a\000n\000i\000s\000m\000o}{subsection.6.8}% 65
\BOOKMARK [3][-]{subsubsection.6.8.2}{\376\377\000I\000l\000\040\000V\000C\000\040\000n\000e\000l\000\040\000C\000o\000n\000s\000i\000g\000l\000i\000o\000\040\000d\000i\000\040\000A\000m\000m\000i\000n\000i\000s\000t\000r\000a\000z\000i\000o\000n\000e}{subsection.6.8}% 66
\BOOKMARK [3][-]{subsubsection.6.8.3}{\376\377\000R\000o\000u\000n\000d\000\040\000d\000i\000\040\000f\000i\000n\000a\000n\000z\000i\000a\000m\000e\000n\000t\000o}{subsection.6.8}% 67
\BOOKMARK [2][-]{subsection.6.9}{\376\377\000O\000l\000t\000r\000e\000\040\000i\000l\000\040\000p\000r\000o\000f\000i\000t\000t\000o\000:\000\040\000i\000m\000p\000r\000e\000s\000e\000\040\000i\000b\000r\000i\000d\000e\000\040\000e\000\040\000s\000o\000s\000t\000e\000n\000i\000b\000i\000l\000i}{section.6}% 68
\BOOKMARK [3][-]{subsubsection.6.9.1}{\376\377\000I\000m\000p\000r\000e\000s\000a\000\040\000F\000o\000r\000p\000r\000o\000f\000i\000t}{subsection.6.9}% 69
\BOOKMARK [3][-]{subsubsection.6.9.2}{\376\377\000S\000o\000c\000i\000e\000t\000\340\000\040\000B\000e\000n\000e\000f\000i\000t}{subsection.6.9}% 70
\BOOKMARK [3][-]{subsubsection.6.9.3}{\376\377\000B\000-\000C\000o\000r\000p\000\040\000\050\000B\000-\000C\000o\000r\000p\000o\000r\000a\000t\000i\000o\000n\000\051}{subsection.6.9}% 71
\BOOKMARK [3][-]{subsubsection.6.9.4}{\376\377\000S\000o\000c\000i\000a\000l\000\040\000B\000u\000s\000i\000n\000e\000s\000s}{subsection.6.9}% 72
\BOOKMARK [3][-]{subsubsection.6.9.5}{\376\377\000N\000o\000t\000\040\000F\000o\000r\000\040\000P\000r\000o\000f\000i\000t}{subsection.6.9}% 73
\BOOKMARK [3][-]{subsubsection.6.9.6}{\376\377\000I\000m\000p\000r\000e\000s\000a\000\040\000S\000o\000c\000i\000a\000l\000e}{subsection.6.9}% 74
\BOOKMARK [3][-]{subsubsection.6.9.7}{\376\377\000E\000s\000e\000m\000p\000i\000\040\000i\000t\000a\000l\000i\000a\000n\000i\000\040\000d\000i\000\040\000s\000u\000c\000c\000e\000s\000s\000o}{subsection.6.9}% 75
\BOOKMARK [2][-]{subsection.6.10}{\376\377\000C\000o\000n\000f\000r\000o\000n\000t\000o\000\040\000t\000r\000a\000\040\000l\000e\000\040\000p\000r\000i\000n\000c\000i\000p\000a\000l\000i\000\040\000f\000o\000r\000m\000e\000\040\000g\000i\000u\000r\000i\000d\000i\000c\000h\000e}{section.6}% 76
\BOOKMARK [2][-]{subsection.6.11}{\376\377\000I\000l\000\040\000c\000i\000c\000l\000o\000\040\000d\000i\000\040\000v\000i\000t\000a\000\040\000d\000i\000\040\000u\000n\000a\000\040\000s\000t\000a\000r\000t\000u\000p\000\040\000e\000\040\000l\000e\000\040\000s\000c\000e\000l\000t\000e\000\040\000l\000e\000g\000a\000l\000i}{section.6}% 77
\BOOKMARK [2][-]{subsection.6.12}{\376\377\000S\000i\000n\000t\000e\000s\000i\000:\000\040\000c\000o\000s\000a\000\040\000p\000o\000r\000t\000a\000r\000e\000\040\000a\000\040\000c\000a\000s\000a}{section.6}% 78
\BOOKMARK [2][-]{subsection.6.13}{\376\377\000L\000e\000\040\000i\000m\000p\000r\000e\000s\000e\000\040\000s\000o\000n\000o\000\040\000R\000e\000s\000p\000o\000n\000s\000a\000b\000i\000l\000i\000?}{section.6}% 79
\BOOKMARK [2][-]{subsection.6.14}{\376\377\000C\000a\000s\000o\000\040\000S\000a\000t\000i\000s\000p\000a\000y\000\040\000S\000.\000p\000.\000A\000.}{section.6}% 80
\BOOKMARK [2][-]{subsection.6.15}{\376\377\000C\000a\000s\000o\000\040\000E\000x\000e\000i\000n\000\040\000S\000.\000r\000.\000l\000.}{section.6}% 81
\BOOKMARK [2][-]{subsection.6.16}{\376\377\000C\000a\000s\000o\000\040\000D\000a\000v\000i\000n\000e\000s\000\040\000G\000r\000o\000u\000p}{section.6}% 82
\BOOKMARK [2][-]{subsection.6.17}{\376\377\000I\000l\000\040\000F\000i\000n\000a\000n\000z\000i\000a\000m\000e\000n\000t\000o\000\040\000d\000e\000l\000l\000a\000\040\000C\000r\000e\000s\000c\000i\000t\000a\000:\000\040\000E\000q\000u\000i\000t\000y\000\040\000v\000s\000\040\000D\000e\000b\000i\000t\000o}{section.6}% 83
\BOOKMARK [2][-]{subsection.6.18}{\376\377\000G\000l\000i\000\040\000S\000t\000r\000u\000m\000e\000n\000t\000i\000\040\000F\000i\000n\000a\000n\000z\000i\000a\000r\000i\000:\000\040\000A\000z\000i\000o\000n\000i\000\040\000e\000\040\000O\000b\000b\000l\000i\000g\000a\000z\000i\000o\000n\000i}{section.6}% 84
\BOOKMARK [3][-]{subsubsection.6.18.1}{\376\377\000L\000e\000\040\000A\000z\000i\000o\000n\000i}{subsection.6.18}% 85
\BOOKMARK [3][-]{subsubsection.6.18.2}{\376\377\000L\000e\000\040\000O\000b\000b\000l\000i\000g\000a\000z\000i\000o\000n\000i\000\040\000\050\000B\000o\000n\000d\000\051}{subsection.6.18}% 86
\BOOKMARK [2][-]{subsection.6.19}{\376\377\000I\000l\000\040\000C\000a\000s\000o\000\040\000P\000a\000r\000m\000a\000l\000a\000t\000\040\000\050\0002\0000\0000\0003\000\051\000:\000\040\000I\000l\000\040\000p\000i\000\371\000\040\000g\000r\000a\000n\000d\000e\000\040\000c\000r\000a\000c\000\040\000f\000i\000n\000a\000n\000z\000i\000a\000r\000i\000o\000\040\000e\000u\000r\000o\000p\000e\000o}{section.6}% 87
\BOOKMARK [3][-]{subsubsection.6.19.1}{\376\377\000L\000a\000\040\000d\000i\000n\000a\000m\000i\000c\000a\000\040\000d\000e\000l\000\040\000f\000a\000l\000l\000i\000m\000e\000n\000t\000o}{subsection.6.19}% 88
\BOOKMARK [3][-]{subsubsection.6.19.2}{\376\377\000C\000o\000s\000a\000\040\000c\000i\000\040\000i\000n\000s\000e\000g\000n\000a\000?}{subsection.6.19}% 89
\BOOKMARK [1][-]{section.7}{\376\377\000F\000o\000n\000t\000i\000\040\000d\000i\000\040\000f\000i\000n\000a\000n\000z\000i\000a\000m\000e\000n\000t\000o\000\040\000p\000e\000r\000\040\000l\000e\000\040\000s\000t\000a\000r\000t\000u\000p}{}% 90
\BOOKMARK [2][-]{subsection.7.1}{\376\377\000B\000u\000s\000i\000n\000e\000s\000s\000\040\000A\000n\000g\000e\000l\000s}{section.7}% 91
\BOOKMARK [2][-]{subsection.7.2}{\376\377\000V\000e\000n\000t\000u\000r\000e\000\040\000C\000a\000p\000i\000t\000a\000l}{section.7}% 92
\BOOKMARK [2][-]{subsection.7.3}{\376\377\000C\000o\000r\000p\000o\000r\000a\000t\000e\000\040\000C\000a\000p\000i\000t\000a\000l}{section.7}% 93
\BOOKMARK [1][-]{section.8}{\376\377\000C\000y\000b\000e\000r\000P\000e\000a\000k}{}% 94
\BOOKMARK [2][-]{subsection.8.1}{\376\377\000P\000r\000i\000m\000a\000\040\000F\000a\000s\000e}{section.8}% 95
\BOOKMARK [2][-]{subsection.8.2}{\376\377\000S\000e\000c\000o\000n\000d\000a\000\040\000F\000a\000s\000e}{section.8}% 96
\BOOKMARK [2][-]{subsection.8.3}{\376\377\000T\000e\000r\000z\000a\000\040\000F\000a\000s\000e}{section.8}% 97
\BOOKMARK [1][-]{section.9}{\376\377\000F\000o\000n\000d\000a\000m\000e\000n\000t\000i\000\040\000d\000e\000l\000\040\000B\000i\000l\000a\000n\000c\000i\000o}{}% 98
\BOOKMARK [2][-]{subsection.9.1}{\376\377\000D\000e\000\040\000C\000e\000c\000c\000o}{section.9}% 99
